[22-Aug-2024 08:42:48 UTC] PHP Warning:  Attempt to read property "title" on null in /var/www/html/wp-includes/class-wp-customize-widgets.php on line 905
[22-Aug-2024 08:43:23 UTC] PHP Warning:  Attempt to read property "title" on null in /var/www/html/wp-includes/class-wp-customize-widgets.php on line 905
[22-Aug-2024 08:43:56 UTC] PHP Deprecated:  Function wp_update_https_detection_errors is <strong>deprecated</strong> since version 6.4.0 with no alternative available. in /var/www/html/wp-includes/functions.php on line 6085
[22-Aug-2024 08:44:00 UTC] Automatic updates starting...
[22-Aug-2024 08:44:01 UTC] Automatic updates complete.
[22-Aug-2024 08:48:22 UTC] PHP Warning:  Attempt to read property "title" on null in /var/www/html/wp-includes/class-wp-customize-widgets.php on line 905
[22-Aug-2024 08:52:25 UTC] PHP Warning:  Attempt to read property "title" on null in /var/www/html/wp-includes/class-wp-customize-widgets.php on line 905
[22-Aug-2024 08:52:47 UTC] PHP Warning:  Attempt to read property "title" on null in /var/www/html/wp-includes/class-wp-customize-widgets.php on line 905
[22-Aug-2024 08:53:52 UTC] PHP Warning:  Attempt to read property "title" on null in /var/www/html/wp-includes/class-wp-customize-widgets.php on line 905
[22-Aug-2024 08:55:33 UTC] PHP Warning:  Attempt to read property "title" on null in /var/www/html/wp-includes/class-wp-customize-widgets.php on line 905
[22-Aug-2024 09:03:31 UTC] PHP Warning:  Attempt to read property "title" on null in /var/www/html/wp-includes/class-wp-customize-widgets.php on line 905
[22-Aug-2024 10:07:48 UTC] PHP Warning:  Attempt to read property "title" on null in /var/www/html/wp-includes/class-wp-customize-widgets.php on line 905
[22-Aug-2024 10:21:31 UTC] PHP Warning:  Cannot modify header information - headers already sent by (output started at /var/www/html/wp-content/themes/pixelpoint/functions.php:212) in /var/www/html/wp-includes/rest-api/class-wp-rest-server.php on line 1831
[22-Aug-2024 10:21:31 UTC] PHP Warning:  Cannot modify header information - headers already sent by (output started at /var/www/html/wp-content/themes/pixelpoint/functions.php:212) in /var/www/html/wp-includes/rest-api/class-wp-rest-server.php on line 1855
[22-Aug-2024 10:21:31 UTC] PHP Warning:  Cannot modify header information - headers already sent by (output started at /var/www/html/wp-content/themes/pixelpoint/functions.php:212) in /var/www/html/wp-includes/rest-api.php on line 745
[22-Aug-2024 10:21:31 UTC] PHP Warning:  Cannot modify header information - headers already sent by (output started at /var/www/html/wp-content/themes/pixelpoint/functions.php:212) in /var/www/html/wp-includes/rest-api.php on line 746
[22-Aug-2024 10:21:31 UTC] PHP Warning:  Cannot modify header information - headers already sent by (output started at /var/www/html/wp-content/themes/pixelpoint/functions.php:212) in /var/www/html/wp-includes/rest-api.php on line 747
[22-Aug-2024 10:21:31 UTC] PHP Warning:  Cannot modify header information - headers already sent by (output started at /var/www/html/wp-content/themes/pixelpoint/functions.php:212) in /var/www/html/wp-includes/rest-api.php on line 748
[22-Aug-2024 10:22:11 UTC] PHP Warning:  Cannot modify header information - headers already sent by (output started at /var/www/html/wp-content/themes/pixelpoint/functions.php:212) in /var/www/html/wp-includes/rest-api/class-wp-rest-server.php on line 1831
[22-Aug-2024 10:22:11 UTC] PHP Warning:  Cannot modify header information - headers already sent by (output started at /var/www/html/wp-content/themes/pixelpoint/functions.php:212) in /var/www/html/wp-includes/rest-api/class-wp-rest-server.php on line 1855
[22-Aug-2024 10:22:11 UTC] PHP Warning:  Cannot modify header information - headers already sent by (output started at /var/www/html/wp-content/themes/pixelpoint/functions.php:212) in /var/www/html/wp-includes/rest-api.php on line 745
[22-Aug-2024 10:22:11 UTC] PHP Warning:  Cannot modify header information - headers already sent by (output started at /var/www/html/wp-content/themes/pixelpoint/functions.php:212) in /var/www/html/wp-includes/rest-api.php on line 746
[22-Aug-2024 10:22:11 UTC] PHP Warning:  Cannot modify header information - headers already sent by (output started at /var/www/html/wp-content/themes/pixelpoint/functions.php:212) in /var/www/html/wp-includes/rest-api.php on line 747
[22-Aug-2024 10:22:11 UTC] PHP Warning:  Cannot modify header information - headers already sent by (output started at /var/www/html/wp-content/themes/pixelpoint/functions.php:212) in /var/www/html/wp-includes/rest-api.php on line 748
[22-Aug-2024 10:22:19 UTC] PHP Warning:  Cannot modify header information - headers already sent by (output started at /var/www/html/wp-content/themes/pixelpoint/functions.php:212) in /var/www/html/wp-admin/admin-header.php on line 9
[22-Aug-2024 10:22:28 UTC] PHP Warning:  Cannot modify header information - headers already sent by (output started at /var/www/html/wp-content/themes/pixelpoint/functions.php:212) in /var/www/html/wp-admin/admin-header.php on line 9
[22-Aug-2024 10:22:43 UTC] PHP Warning:  Cannot modify header information - headers already sent by (output started at /var/www/html/wp-content/themes/pixelpoint/functions.php:212) in /var/www/html/wp-includes/rest-api/class-wp-rest-server.php on line 1831
[22-Aug-2024 10:22:43 UTC] PHP Warning:  Cannot modify header information - headers already sent by (output started at /var/www/html/wp-content/themes/pixelpoint/functions.php:212) in /var/www/html/wp-includes/rest-api/class-wp-rest-server.php on line 1855
[22-Aug-2024 10:22:43 UTC] PHP Warning:  Cannot modify header information - headers already sent by (output started at /var/www/html/wp-content/themes/pixelpoint/functions.php:212) in /var/www/html/wp-includes/rest-api.php on line 745
[22-Aug-2024 10:22:43 UTC] PHP Warning:  Cannot modify header information - headers already sent by (output started at /var/www/html/wp-content/themes/pixelpoint/functions.php:212) in /var/www/html/wp-includes/rest-api.php on line 746
[22-Aug-2024 10:22:43 UTC] PHP Warning:  Cannot modify header information - headers already sent by (output started at /var/www/html/wp-content/themes/pixelpoint/functions.php:212) in /var/www/html/wp-includes/rest-api.php on line 747
[22-Aug-2024 10:22:43 UTC] PHP Warning:  Cannot modify header information - headers already sent by (output started at /var/www/html/wp-content/themes/pixelpoint/functions.php:212) in /var/www/html/wp-includes/rest-api.php on line 748
[22-Aug-2024 10:50:27 UTC] PHP Fatal error:  Uncaught TypeError: call_user_func_array(): Argument #1 ($callback) must be a valid callback, function "hallo_load_scripts" not found or invalid function name in /var/www/html/wp-includes/class-wp-hook.php:324
Stack trace:
#0 /var/www/html/wp-includes/class-wp-hook.php(348): WP_Hook->apply_filters(NULL, Array)
#1 /var/www/html/wp-includes/plugin.php(517): WP_Hook->do_action(Array)
#2 /var/www/html/wp-includes/script-loader.php(2263): do_action('wp_enqueue_scri...')
#3 /var/www/html/wp-includes/class-wp-hook.php(324): wp_enqueue_scripts('')
#4 /var/www/html/wp-includes/class-wp-hook.php(348): WP_Hook->apply_filters(NULL, Array)
#5 /var/www/html/wp-includes/plugin.php(517): WP_Hook->do_action(Array)
#6 /var/www/html/wp-includes/general-template.php(3065): do_action('wp_head')
#7 /var/www/html/wp-content/themes/Hallo/header.php(13): wp_head()
#8 /var/www/html/wp-includes/template.php(810): require_once('/var/www/html/w...')
#9 /var/www/html/wp-includes/template.php(745): load_template('/var/www/html/w...', true, Array)
#10 /var/www/html/wp-includes/general-template.php(48): locate_template(Array, true, true, Array)
#11 /var/www/html/wp-content/themes/Hallo/index.php(1): get_header()
#12 /var/www/html/wp-includes/template-loader.php(106): include('/var/www/html/w...')
#13 /var/www/html/wp-blog-header.php(19): require_once('/var/www/html/w...')
#14 /var/www/html/index.php(17): require('/var/www/html/w...')
#15 {main}
  thrown in /var/www/html/wp-includes/class-wp-hook.php on line 324
[22-Aug-2024 10:52:33 UTC] PHP Warning:  Cannot modify header information - headers already sent by (output started at /var/www/html/wp-content/themes/pixelpoint/functions.php:212) in /var/www/html/wp-admin/admin-header.php on line 9
[22-Aug-2024 10:52:41 UTC] PHP Warning:  Cannot modify header information - headers already sent by (output started at /var/www/html/wp-content/themes/pixelpoint/functions.php:212) in /var/www/html/wp-includes/rest-api/class-wp-rest-server.php on line 1831
[22-Aug-2024 10:52:41 UTC] PHP Warning:  Cannot modify header information - headers already sent by (output started at /var/www/html/wp-content/themes/pixelpoint/functions.php:212) in /var/www/html/wp-includes/rest-api/class-wp-rest-server.php on line 1855
[22-Aug-2024 10:52:41 UTC] PHP Warning:  Cannot modify header information - headers already sent by (output started at /var/www/html/wp-content/themes/pixelpoint/functions.php:212) in /var/www/html/wp-includes/rest-api.php on line 745
[22-Aug-2024 10:52:41 UTC] PHP Warning:  Cannot modify header information - headers already sent by (output started at /var/www/html/wp-content/themes/pixelpoint/functions.php:212) in /var/www/html/wp-includes/rest-api.php on line 746
[22-Aug-2024 10:52:41 UTC] PHP Warning:  Cannot modify header information - headers already sent by (output started at /var/www/html/wp-content/themes/pixelpoint/functions.php:212) in /var/www/html/wp-includes/rest-api.php on line 747
[22-Aug-2024 10:52:41 UTC] PHP Warning:  Cannot modify header information - headers already sent by (output started at /var/www/html/wp-content/themes/pixelpoint/functions.php:212) in /var/www/html/wp-includes/rest-api.php on line 748
[22-Aug-2024 11:05:38 UTC] PHP Warning:  Cannot modify header information - headers already sent by (output started at /var/www/html/wp-content/themes/pixelpoint/functions.php:212) in /var/www/html/wp-admin/admin-header.php on line 9
[22-Aug-2024 11:06:01 UTC] PHP Warning:  Cannot modify header information - headers already sent by (output started at /var/www/html/wp-content/themes/pixelpoint/functions.php:212) in /var/www/html/wp-includes/rest-api/class-wp-rest-server.php on line 1831
[22-Aug-2024 11:06:01 UTC] PHP Warning:  Cannot modify header information - headers already sent by (output started at /var/www/html/wp-content/themes/pixelpoint/functions.php:212) in /var/www/html/wp-includes/rest-api/class-wp-rest-server.php on line 1855
[22-Aug-2024 11:06:01 UTC] PHP Warning:  Cannot modify header information - headers already sent by (output started at /var/www/html/wp-content/themes/pixelpoint/functions.php:212) in /var/www/html/wp-includes/rest-api.php on line 745
[22-Aug-2024 11:06:01 UTC] PHP Warning:  Cannot modify header information - headers already sent by (output started at /var/www/html/wp-content/themes/pixelpoint/functions.php:212) in /var/www/html/wp-includes/rest-api.php on line 746
[22-Aug-2024 11:06:01 UTC] PHP Warning:  Cannot modify header information - headers already sent by (output started at /var/www/html/wp-content/themes/pixelpoint/functions.php:212) in /var/www/html/wp-includes/rest-api.php on line 747
[22-Aug-2024 11:06:01 UTC] PHP Warning:  Cannot modify header information - headers already sent by (output started at /var/www/html/wp-content/themes/pixelpoint/functions.php:212) in /var/www/html/wp-includes/rest-api.php on line 748
[22-Aug-2024 11:06:05 UTC] PHP Warning:  Cannot modify header information - headers already sent by (output started at /var/www/html/wp-content/themes/pixelpoint/functions.php:212) in /var/www/html/wp-admin/admin-header.php on line 9
[22-Aug-2024 11:06:19 UTC] PHP Warning:  Cannot modify header information - headers already sent by (output started at /var/www/html/wp-content/themes/pixelpoint/functions.php:212) in /var/www/html/wp-admin/admin-header.php on line 9
[22-Aug-2024 11:07:02 UTC] PHP Warning:  Cannot modify header information - headers already sent by (output started at /var/www/html/wp-content/themes/pixelpoint/functions.php:212) in /var/www/html/wp-admin/admin-header.php on line 9
[22-Aug-2024 11:10:22 UTC] PHP Warning:  Cannot modify header information - headers already sent by (output started at /var/www/html/wp-content/themes/pixelpoint/functions.php:212) in /var/www/html/wp-admin/admin-header.php on line 9
[22-Aug-2024 11:10:28 UTC] PHP Warning:  Cannot modify header information - headers already sent by (output started at /var/www/html/wp-content/themes/pixelpoint/functions.php:212) in /var/www/html/wp-includes/rest-api/class-wp-rest-server.php on line 1831
[22-Aug-2024 11:10:28 UTC] PHP Warning:  Cannot modify header information - headers already sent by (output started at /var/www/html/wp-content/themes/pixelpoint/functions.php:212) in /var/www/html/wp-includes/rest-api/class-wp-rest-server.php on line 1855
[22-Aug-2024 11:10:28 UTC] PHP Warning:  Cannot modify header information - headers already sent by (output started at /var/www/html/wp-content/themes/pixelpoint/functions.php:212) in /var/www/html/wp-includes/rest-api.php on line 745
[22-Aug-2024 11:10:28 UTC] PHP Warning:  Cannot modify header information - headers already sent by (output started at /var/www/html/wp-content/themes/pixelpoint/functions.php:212) in /var/www/html/wp-includes/rest-api.php on line 746
[22-Aug-2024 11:10:28 UTC] PHP Warning:  Cannot modify header information - headers already sent by (output started at /var/www/html/wp-content/themes/pixelpoint/functions.php:212) in /var/www/html/wp-includes/rest-api.php on line 747
[22-Aug-2024 11:10:28 UTC] PHP Warning:  Cannot modify header information - headers already sent by (output started at /var/www/html/wp-content/themes/pixelpoint/functions.php:212) in /var/www/html/wp-includes/rest-api.php on line 748
[22-Aug-2024 11:10:45 UTC] PHP Warning:  Cannot modify header information - headers already sent by (output started at /var/www/html/wp-content/themes/pixelpoint/functions.php:212) in /var/www/html/wp-includes/rest-api/class-wp-rest-server.php on line 1831
[22-Aug-2024 11:10:45 UTC] PHP Warning:  Cannot modify header information - headers already sent by (output started at /var/www/html/wp-content/themes/pixelpoint/functions.php:212) in /var/www/html/wp-includes/rest-api/class-wp-rest-server.php on line 1855
[22-Aug-2024 11:10:45 UTC] PHP Warning:  Cannot modify header information - headers already sent by (output started at /var/www/html/wp-content/themes/pixelpoint/functions.php:212) in /var/www/html/wp-includes/rest-api.php on line 745
[22-Aug-2024 11:10:45 UTC] PHP Warning:  Cannot modify header information - headers already sent by (output started at /var/www/html/wp-content/themes/pixelpoint/functions.php:212) in /var/www/html/wp-includes/rest-api.php on line 746
[22-Aug-2024 11:10:45 UTC] PHP Warning:  Cannot modify header information - headers already sent by (output started at /var/www/html/wp-content/themes/pixelpoint/functions.php:212) in /var/www/html/wp-includes/rest-api.php on line 747
[22-Aug-2024 11:10:45 UTC] PHP Warning:  Cannot modify header information - headers already sent by (output started at /var/www/html/wp-content/themes/pixelpoint/functions.php:212) in /var/www/html/wp-includes/rest-api.php on line 748
